<?xml version="1.0" encoding="UTF-8"?>
<!-- Generated by org.testng.reporters.JUnitReportReporter -->
<testsuite hostname="DESKTOP-4V2B5VI" failures="0" tests="4" name="fundModule.VerifyUserCanAddFunds" time="15.590" errors="0" timestamp="2022-10-18T21:27:14 IST" skipped="0">
  <testcase classname="fundModule.VerifyUserCanAddFunds" name="VerifyUserCanLogin" time="13.332"/>
  <system-out/>
  <testcase classname="fundModule.VerifyUserCanAddFunds" name="VerifyUserCanOpenFundWindow" time="0.225"/>
  <system-out/>
  <testcase classname="fundModule.VerifyUserCanAddFunds" name="VerifyUserCanOpenDepositeFundWindow" time="1.091"/>
  <system-out/>
  <testcase classname="fundModule.VerifyUserCanAddFunds" name="VerifyUserCanFillDepositeDetailsAdnContinue" time="0.942"/>
  <system-out/>
</testsuite> <!-- fundModule.VerifyUserCanAddFunds -->
